# JRE version: Java(TM) SE Runtime Environment (8.0_171-b11) (build 1.8.0_171-b11)
# Java VM: Java HotSpot(TM) 64-Bit Server VM (25.171-b11 mixed mode linux-amd64 compressed oops)
Heap:
 PSYoungGen      total 931840K, used 112640K [0x000000076ab00000, 0x00000007c0000000, 0x00000007c0000000)
  eden space 465920K, 0% used [0x000000076ab00000,0x000000076ab00000,0x0000000787200000)
  from space 465920K, 24% used [0x0000000787200000,0x000000078e000020,0x00000007a3900000)
  to   space 465920K, 0% used [0x00000007a3900000,0x00000007a3900000,0x00000007c0000000)
 ParOldGen       total 2226176K, used 2201390K [0x00000006c0000000, 0x0000000747e00000, 0x000000076ab00000)
  object space 2226176K, 98% used [0x00000006c0000000,0x00000007465cb8d0,0x0000000747e00000)
 Metaspace       used 102622K, capacity 103726K, committed 104152K, reserved 1134592K
  class space    used 18957K, capacity 19338K, committed 19456K, reserved 1048576K
GC Heap History (10 events):
Event: 106.080 GC heap after
Heap after GC invocations=51 (full 10):
 PSYoungGen      total 931840K, used 0K [0x000000076ab00000, 0x00000007c0000000, 0x00000007c0000000)
  eden space 465920K, 0% used [0x000000076ab00000,0x000000076ab00000,0x0000000787200000)
  from space 465920K, 0% used [0x0000000787200000,0x0000000787200000,0x00000007a3900000)
  to   space 465920K, 0% used [0x00000007a3900000,0x00000007a3900000,0x00000007c0000000)
 ParOldGen       total 2226176K, used 1644711K [0x00000006c0000000, 0x0000000747e00000, 0x000000076ab00000)
  object space 2226176K, 73% used [0x00000006c0000000,0x0000000724629f18,0x0000000747e00000)
 Metaspace       used 102608K, capacity 103726K, committed 104152K, reserved 1134592K
  class space    used 18957K, capacity 19338K, committed 19456K, reserved 1048576K
}
Event: 108.383 GC heap before
{Heap before GC invocations=52 (full 10):
 PSYoungGen      total 931840K, used 465920K [0x000000076ab00000, 0x00000007c0000000, 0x00000007c0000000)
  eden space 465920K, 100% used [0x000000076ab00000,0x0000000787200000,0x0000000787200000)
  from space 465920K, 0% used [0x0000000787200000,0x0000000787200000,0x00000007a3900000)
  to   space 465920K, 0% used [0x00000007a3900000,0x00000007a3900000,0x00000007c0000000)
 ParOldGen       total 2226176K, used 1644711K [0x00000006c0000000, 0x0000000747e00000, 0x000000076ab00000)
  object space 2226176K, 73% used [0x00000006c0000000,0x0000000724629f18,0x0000000747e00000)
 Metaspace       used 102608K, capacity 103726K, committed 104152K, reserved 1134592K
  class space    used 18957K, capacity 19338K, committed 19456K, reserved 1048576K
Event: 108.622 GC heap after
Heap after GC invocations=52 (full 10):
 PSYoungGen      total 931840K, used 185216K [0x000000076ab00000, 0x00000007c0000000, 0x00000007c0000000)
  eden space 465920K, 0% used [0x000000076ab00000,0x000000076ab00000,0x0000000787200000)
  from space 465920K, 39% used [0x00000007a3900000,0x00000007aede0040,0x00000007c0000000)
  to   space 465920K, 0% used [0x0000000787200000,0x0000000787200000,0x00000007a3900000)
 ParOldGen       total 2226176K, used 1644711K [0x00000006c0000000, 0x0000000747e00000, 0x000000076ab00000)
  object space 2226176K, 73% used [0x00000006c0000000,0x0000000724629f18,0x0000000747e00000)
 Metaspace       used 102608K, capacity 103726K, committed 104152K, reserved 1134592K
  class space    used 18957K, capacity 19338K, committed 19456K, reserved 1048576K
}
Event: 110.659 GC heap before
{Heap before GC invocations=53 (full 10):
 PSYoungGen      total 931840K, used 651136K [0x000000076ab00000, 0x00000007c0000000, 0x00000007c0000000)
  eden space 465920K, 100% used [0x000000076ab00000,0x0000000787200000,0x0000000787200000)
  from space 465920K, 39% used [0x00000007a3900000,0x00000007aede0040,0x00000007c0000000)
  to   space 465920K, 0% used [0x0000000787200000,0x0000000787200000,0x00000007a3900000)
 ParOldGen       total 2226176K, used 1644711K [0x00000006c0000000, 0x0000000747e00000, 0x000000076ab00000)
  object space 2226176K, 73% used [0x00000006c0000000,0x0000000724629f18,0x0000000747e00000)
 Metaspace       used 102609K, capacity 103726K, committed 104152K, reserved 1134592K
  class space    used 18957K, capacity 19338K, committed 19456K, reserved 1048576K
Event: 111.087 GC heap after
Heap after GC invocations=53 (full 10):
 PSYoungGen      total 931840K, used 355424K [0x000000076ab00000, 0x00000007c0000000, 0x00000007c0000000)
  eden space 465920K, 0% used [0x000000076ab00000,0x000000076ab00000,0x0000000787200000)
  from space 465920K, 76% used [0x0000000787200000,0x000000079cd18040,0x00000007a3900000)
  to   space 465920K, 0% used [0x00000007a3900000,0x00000007a3900000,0x00000007c0000000)
 ParOldGen       total 2226176K, used 1644711K [0x00000006c0000000, 0x0000000747e00000, 0x000000076ab00000)
  object space 2226176K, 73% used [0x00000006c0000000,0x0000000724629f18,0x0000000747e00000)
 Metaspace       used 102609K, capacity 103726K, committed 104152K, reserved 1134592K
  class space    used 18957K, capacity 19338K, committed 19456K, reserved 1048576K
}
Event: 113.651 GC heap before
{Heap before GC invocations=54 (full 10):
 PSYoungGen      total 931840K, used 821344K [0x000000076ab00000, 0x00000007c0000000, 0x00000007c0000000)
  eden space 465920K, 100% used [0x000000076ab00000,0x0000000787200000,0x0000000787200000)
  from space 465920K, 76% used [0x0000000787200000,0x000000079cd18040,0x00000007a3900000)
  to   space 465920K, 0% used [0x00000007a3900000,0x00000007a3900000,0x00000007c0000000)
 ParOldGen       total 2226176K, used 1644711K [0x00000006c0000000, 0x0000000747e00000, 0x000000076ab00000)
  object space 2226176K, 73% used [0x00000006c0000000,0x0000000724629f18,0x0000000747e00000)
 Metaspace       used 102619K, capacity 103726K, committed 104152K, reserved 1134592K
  class space    used 18957K, capacity 19338K, committed 19456K, reserved 1048576K
Event: 114.319 GC heap after
Heap after GC invocations=54 (full 10):
 PSYoungGen      total 931840K, used 373824K [0x000000076ab00000, 0x00000007c0000000, 0x00000007c0000000)
  eden space 465920K, 0% used [0x000000076ab00000,0x000000076ab00000,0x0000000787200000)
  from space 465920K, 80% used [0x00000007a3900000,0x00000007ba610030,0x00000007c0000000)
  to   space 465920K, 0% used [0x0000000787200000,0x0000000787200000,0x00000007a3900000)
 ParOldGen       total 2226176K, used 1779543K [0x00000006c0000000, 0x0000000747e00000, 0x000000076ab00000)
  object space 2226176K, 79% used [0x00000006c0000000,0x000000072c9d5f28,0x0000000747e00000)
 Metaspace       used 102619K, capacity 103726K, committed 104152K, reserved 1134592K
  class space    used 18957K, capacity 19338K, committed 19456K, reserved 1048576K
}
Event: 115.820 GC heap before
{Heap before GC invocations=55 (full 10):
 PSYoungGen      total 931840K, used 839744K [0x000000076ab00000, 0x00000007c0000000, 0x00000007c0000000)
  eden space 465920K, 100% used [0x000000076ab00000,0x0000000787200000,0x0000000787200000)
  from space 465920K, 80% used [0x00000007a3900000,0x00000007ba610030,0x00000007c0000000)
  to   space 465920K, 0% used [0x0000000787200000,0x0000000787200000,0x00000007a3900000)
 ParOldGen       total 2226176K, used 1779543K [0x00000006c0000000, 0x0000000747e00000, 0x000000076ab00000)
  object space 2226176K, 79% used [0x00000006c0000000,0x000000072c9d5f60,0x0000000747e00000)
 Metaspace       used 102622K, capacity 103726K, committed 104152K, reserved 1134592K
  class space    used 18957K, capacity 19338K, committed 19456K, reserved 1048576K
Event: 116.526 GC heap after
Heap after GC invocations=55 (full 10):
 PSYoungGen      total 931840K, used 288576K [0x000000076ab00000, 0x00000007c0000000, 0x00000007c0000000)
  eden space 465920K, 0% used [0x000000076ab00000,0x000000076ab00000,0x0000000787200000)
  from space 465920K, 61% used [0x0000000787200000,0x0000000798bd0030,0x00000007a3900000)
  to   space 465920K, 0% used [0x00000007a3900000,0x00000007a3900000,0x00000007c0000000)
 ParOldGen       total 2226176K, used 2052703K [0x00000006c0000000, 0x0000000747e00000, 0x000000076ab00000)
  object space 2226176K, 92% used [0x00000006c0000000,0x000000073d497f60,0x0000000747e00000)
 Metaspace       used 102622K, capacity 103726K, committed 104152K, reserved 1134592K
  class space    used 18957K, capacity 19338K, committed 19456K, reserved 1048576K
}
Event: 116.526 GC heap before
{Heap before GC invocations=56 (full 11):
 PSYoungGen      total 931840K, used 288576K [0x000000076ab00000, 0x00000007c0000000, 0x00000007c0000000)
  eden space 465920K, 0% used [0x000000076ab00000,0x000000076ab00000,0x0000000787200000)
  from space 465920K, 61% used [0x0000000787200000,0x0000000798bd0030,0x00000007a3900000)
  to   space 465920K, 0% used [0x00000007a3900000,0x00000007a3900000,0x00000007c0000000)
 ParOldGen       total 2226176K, used 2052703K [0x00000006c0000000, 0x0000000747e00000, 0x000000076ab00000)
  object space 2226176K, 92% used [0x00000006c0000000,0x000000073d497f60,0x0000000747e00000)
 Metaspace       used 102622K, capacity 103726K, committed 104152K, reserved 1134592K
  class space    used 18957K, capacity 19338K, committed 19456K, reserved 1048576K

